<?xml version="1.0" encoding="UTF-8"?>
<testng-results skipped="0" failed="0" ignored="0" total="8" passed="8">
  <reporter-output>
    <line>
      <![CDATA[Login Success]]>
    </line>
    <line>
      <![CDATA[Login Fail]]>
    </line>
    <line>
      <![CDATA[Login Fail]]>
    </line>
    <line>
      <![CDATA[Login Success]]>
    </line>
    <line>
      <![CDATA[Login Success]]>
    </line>
    <line>
      <![CDATA[Login Fail]]>
    </line>
    <line>
      <![CDATA[Login Fail]]>
    </line>
    <line>
      <![CDATA[Login Success]]>
    </line>
  </reporter-output>
  <suite name="Ranga" duration-ms="81438" started-at="2020-08-12T02:46:32Z" finished-at="2020-08-12T02:47:53Z">
    <groups>
    </groups>
    <test name="chromeTest" duration-ms="44465" started-at="2020-08-12T02:46:32Z" finished-at="2020-08-12T02:47:16Z">
      <class name="aug12.CrossBrowser">
        <test-method status="PASS" signature="beforeTest(java.lang.String)[pri:0, instance:aug12.CrossBrowser@42eca56e]" name="beforeTest" is-config="true" duration-ms="5112" started-at="2020-08-12T02:46:32Z" finished-at="2020-08-12T02:46:37Z">
          <params>
            <param index="0">
              <value>
                <![CDATA[chrome]]>
              </value>
            </param>
          </params>
          <reporter-output>
          </reporter-output>
        </test-method> <!-- beforeTest -->
        <test-method status="PASS" signature="valiadateLogin(java.lang.String, java.lang.String)[pri:0, instance:aug12.CrossBrowser@42eca56e]" name="valiadateLogin" duration-ms="17989" started-at="2020-08-12T02:46:37Z" data-provider="supplyData" finished-at="2020-08-12T02:46:55Z">
          <params>
            <param index="0">
              <value>
                <![CDATA[Admin]]>
              </value>
            </param>
            <param index="1">
              <value>
                <![CDATA[Qedge123!@#]]>
              </value>
            </param>
          </params>
          <reporter-output>
            <line>
              <![CDATA[Login Success]]>
            </line>
          </reporter-output>
        </test-method> <!-- valiadateLogin -->
        <test-method status="PASS" signature="valiadateLogin(java.lang.String, java.lang.String)[pri:0, instance:aug12.CrossBrowser@42eca56e]" name="valiadateLogin" duration-ms="5710" started-at="2020-08-12T02:46:55Z" data-provider="supplyData" finished-at="2020-08-12T02:47:01Z">
          <params>
            <param index="0">
              <value>
                <![CDATA[Test]]>
              </value>
            </param>
            <param index="1">
              <value>
                <![CDATA[Qedge123!@#]]>
              </value>
            </param>
          </params>
          <reporter-output>
            <line>
              <![CDATA[Login Fail]]>
            </line>
          </reporter-output>
        </test-method> <!-- valiadateLogin -->
        <test-method status="PASS" signature="valiadateLogin(java.lang.String, java.lang.String)[pri:0, instance:aug12.CrossBrowser@42eca56e]" name="valiadateLogin" duration-ms="5969" started-at="2020-08-12T02:47:01Z" data-provider="supplyData" finished-at="2020-08-12T02:47:07Z">
          <params>
            <param index="0">
              <value>
                <![CDATA[Admin]]>
              </value>
            </param>
            <param index="1">
              <value>
                <![CDATA[test]]>
              </value>
            </param>
          </params>
          <reporter-output>
            <line>
              <![CDATA[Login Fail]]>
            </line>
          </reporter-output>
        </test-method> <!-- valiadateLogin -->
        <test-method status="PASS" signature="valiadateLogin(java.lang.String, java.lang.String)[pri:0, instance:aug12.CrossBrowser@42eca56e]" name="valiadateLogin" duration-ms="6704" started-at="2020-08-12T02:47:07Z" data-provider="supplyData" finished-at="2020-08-12T02:47:13Z">
          <params>
            <param index="0">
              <value>
                <![CDATA[Admin]]>
              </value>
            </param>
            <param index="1">
              <value>
                <![CDATA[Qedge123!@#]]>
              </value>
            </param>
          </params>
          <reporter-output>
            <line>
              <![CDATA[Login Success]]>
            </line>
          </reporter-output>
        </test-method> <!-- valiadateLogin -->
        <test-method status="PASS" signature="afterTest()[pri:0, instance:aug12.CrossBrowser@42eca56e]" name="afterTest" is-config="true" duration-ms="2926" started-at="2020-08-12T02:47:13Z" finished-at="2020-08-12T02:47:16Z">
          <reporter-output>
          </reporter-output>
        </test-method> <!-- afterTest -->
      </class> <!-- aug12.CrossBrowser -->
    </test> <!-- chromeTest -->
    <test name="firefoxTest" duration-ms="36952" started-at="2020-08-12T02:47:16Z" finished-at="2020-08-12T02:47:53Z">
      <class name="aug12.CrossBrowser">
        <test-method status="PASS" signature="beforeTest(java.lang.String)[pri:0, instance:aug12.CrossBrowser@42607a4f]" name="beforeTest" is-config="true" duration-ms="12351" started-at="2020-08-12T02:47:16Z" finished-at="2020-08-12T02:47:29Z">
          <params>
            <param index="0">
              <value>
                <![CDATA[firefox]]>
              </value>
            </param>
          </params>
          <reporter-output>
          </reporter-output>
        </test-method> <!-- beforeTest -->
        <test-method status="PASS" signature="valiadateLogin(java.lang.String, java.lang.String)[pri:0, instance:aug12.CrossBrowser@42607a4f]" name="valiadateLogin" duration-ms="7845" started-at="2020-08-12T02:47:29Z" data-provider="supplyData" finished-at="2020-08-12T02:47:37Z">
          <params>
            <param index="0">
              <value>
                <![CDATA[Admin]]>
              </value>
            </param>
            <param index="1">
              <value>
                <![CDATA[Qedge123!@#]]>
              </value>
            </param>
          </params>
          <reporter-output>
            <line>
              <![CDATA[Login Success]]>
            </line>
          </reporter-output>
        </test-method> <!-- valiadateLogin -->
        <test-method status="PASS" signature="valiadateLogin(java.lang.String, java.lang.String)[pri:0, instance:aug12.CrossBrowser@42607a4f]" name="valiadateLogin" duration-ms="4989" started-at="2020-08-12T02:47:37Z" data-provider="supplyData" finished-at="2020-08-12T02:47:42Z">
          <params>
            <param index="0">
              <value>
                <![CDATA[Test]]>
              </value>
            </param>
            <param index="1">
              <value>
                <![CDATA[Qedge123!@#]]>
              </value>
            </param>
          </params>
          <reporter-output>
            <line>
              <![CDATA[Login Fail]]>
            </line>
          </reporter-output>
        </test-method> <!-- valiadateLogin -->
        <test-method status="PASS" signature="valiadateLogin(java.lang.String, java.lang.String)[pri:0, instance:aug12.CrossBrowser@42607a4f]" name="valiadateLogin" duration-ms="4247" started-at="2020-08-12T02:47:42Z" data-provider="supplyData" finished-at="2020-08-12T02:47:46Z">
          <params>
            <param index="0">
              <value>
                <![CDATA[Admin]]>
              </value>
            </param>
            <param index="1">
              <value>
                <![CDATA[test]]>
              </value>
            </param>
          </params>
          <reporter-output>
            <line>
              <![CDATA[Login Fail]]>
            </line>
          </reporter-output>
        </test-method> <!-- valiadateLogin -->
        <test-method status="PASS" signature="valiadateLogin(java.lang.String, java.lang.String)[pri:0, instance:aug12.CrossBrowser@42607a4f]" name="valiadateLogin" duration-ms="4292" started-at="2020-08-12T02:47:46Z" data-provider="supplyData" finished-at="2020-08-12T02:47:50Z">
          <params>
            <param index="0">
              <value>
                <![CDATA[Admin]]>
              </value>
            </param>
            <param index="1">
              <value>
                <![CDATA[Qedge123!@#]]>
              </value>
            </param>
          </params>
          <reporter-output>
            <line>
              <![CDATA[Login Success]]>
            </line>
          </reporter-output>
        </test-method> <!-- valiadateLogin -->
        <test-method status="PASS" signature="afterTest()[pri:0, instance:aug12.CrossBrowser@42607a4f]" name="afterTest" is-config="true" duration-ms="3215" started-at="2020-08-12T02:47:50Z" finished-at="2020-08-12T02:47:53Z">
          <reporter-output>
          </reporter-output>
        </test-method> <!-- afterTest -->
      </class> <!-- aug12.CrossBrowser -->
    </test> <!-- firefoxTest -->
  </suite> <!-- Ranga -->
</testng-results>
