<?xml version="1.0" encoding="UTF-8"?>
<!-- Generated by org.testng.reporters.JUnitXMLReporter -->
<testsuite hostname="john-PC" ignored="0" name="chromeTest" tests="4" failures="0" timestamp="12 Aug 2020 02:47:16 GMT" time="44.465" errors="0">
  <testcase name="valiadateLogin" time="17.989" classname="aug12.CrossBrowser"/>
  <testcase name="valiadateLogin" time="5.71" classname="aug12.CrossBrowser"/>
  <testcase name="valiadateLogin" time="5.969" classname="aug12.CrossBrowser"/>
  <testcase name="valiadateLogin" time="6.704" classname="aug12.CrossBrowser"/>
</testsuite> <!-- chromeTest -->
