<?xml version="1.0" encoding="UTF-8"?>
<!-- Generated by org.testng.reporters.JUnitXMLReporter -->
<testsuite hostname="john-PC" ignored="0" name="firefoxTest" tests="4" failures="0" timestamp="12 Aug 2020 02:47:53 GMT" time="36.952" errors="0">
  <testcase name="valiadateLogin" time="7.845" classname="aug12.CrossBrowser"/>
  <testcase name="valiadateLogin" time="4.989" classname="aug12.CrossBrowser"/>
  <testcase name="valiadateLogin" time="4.247" classname="aug12.CrossBrowser"/>
  <testcase name="valiadateLogin" time="4.292" classname="aug12.CrossBrowser"/>
</testsuite> <!-- firefoxTest -->
