<?xml version="1.0" encoding="UTF-8"?>
<!-- Generated by org.testng.reporters.JUnitReportReporter -->
<testsuite skipped="0" hostname="john-PC" name="aug11.UsingDataProvider" tests="4" failures="0" timestamp="11 Aug 2020 03:23:06 GMT" time="31.245" errors="0">
  <testcase name="valiadateLogin" time="5.837" classname="aug11.UsingDataProvider"/>
  <testcase name="valiadateLogin" time="12.285" classname="aug11.UsingDataProvider"/>
  <testcase name="valiadateLogin" time="6.275" classname="aug11.UsingDataProvider"/>
  <testcase name="valiadateLogin" time="6.848" classname="aug11.UsingDataProvider"/>
</testsuite> <!-- aug11.UsingDataProvider -->
