<?xml version="1.0" encoding="UTF-8"?>
<!-- Generated by org.testng.reporters.JUnitReportReporter -->
<testsuite skipped="0" hostname="john-PC" name="aug12.CrossBrowser" tests="8" failures="0" timestamp="12 Aug 2020 02:47:53 GMT" time="57.745" errors="0">
  <testcase name="valiadateLogin" time="7.845" classname="aug12.CrossBrowser"/>
  <testcase name="valiadateLogin" time="5.969" classname="aug12.CrossBrowser"/>
  <testcase name="valiadateLogin" time="17.989" classname="aug12.CrossBrowser"/>
  <testcase name="valiadateLogin" time="4.989" classname="aug12.CrossBrowser"/>
  <testcase name="valiadateLogin" time="4.247" classname="aug12.CrossBrowser"/>
  <testcase name="valiadateLogin" time="4.292" classname="aug12.CrossBrowser"/>
  <testcase name="valiadateLogin" time="6.704" classname="aug12.CrossBrowser"/>
  <testcase name="valiadateLogin" time="5.710" classname="aug12.CrossBrowser"/>
</testsuite> <!-- aug12.CrossBrowser -->
